<?xml version="1.0" encoding="UTF-8" ?>
<testsuite tests="7" failures="0" name="stepDefintions.RunCukeTest" time="0.002" errors="0" skipped="0">
  <properties>
[...]
</properties>
  <testcase classname="Scenario: I login with valid credential" name="Given I navigate to &quot;http://the-internet.herokuapp.com/login&quot;" time="0.002"/>
  <testcase classname="Scenario: I login with valid credential" name="And I enter &quot;tomsmith&quot; into input field having id &quot;username&quot;" time="0"/>
  <testcase classname="Scenario: I login with valid credential" name="And I enter &quot;SuperSecretPassword!&quot; into input field having id &quot;password&quot;" time="0"/>
  <testcase classname="Scenario: I login with valid credential" name="When I click on element having class &quot;radius&quot;" time="0"/>
  <testcase classname="Scenario: I login with valid credential" name="Then I wait 5 seconds for element having css &quot;a[href=&apos;/logout&apos;]&quot; to display" time="0"/>
  <testcase classname="Scenario: I login with valid credential" name="And I close browser" time="0"/>
  <testcase classname="Scenario: I login with valid credential" name="Scenario: I login with valid credential" time="0"/>
</testsuite>